<?xml version="1.0" encoding="UTF-8"?>
<!-- Generated by org.testng.reporters.JUnitXMLReporter -->
<testsuite hostname="5CG7084JWD840" ignored="0" name="Command line test" tests="1" failures="1" timestamp="02 Oct 2018 15:24:30 GMT" time="121.02" errors="0">
  <testcase name="testSearch" time="11.983" classname="com.appium.tests.Tester">
    <failure type="java.lang.AssertionError" message="expected [true] but found [false]">
      <![CDATA[java.lang.AssertionError: expected [true] but found [false]at com.appium.tests.Tester.testSearch(Tester.java:99)at java.util.concurrent.ThreadPoolExecutor.runWorker(ThreadPoolExecutor.java:1149)at java.util.concurrent.ThreadPoolExecutor$Worker.run(ThreadPoolExecutor.java:624)at java.lang.Thread.run(Thread.java:748)... Removed 14 stack frames]]>
    </failure>
  </testcase> <!-- testSearch -->
</testsuite> <!-- Command line test -->
