<?xml version="1.0" encoding="UTF-8"?>
<testng-results skipped="0" failed="0" total="1" passed="1">
  <reporter-output>
  </reporter-output>
  <suite name="Suite" duration-ms="18901" started-at="2018-09-15T08:38:30Z" finished-at="2018-09-15T08:38:49Z">
    <groups>
    </groups>
    <test name="Test" duration-ms="18901" started-at="2018-09-15T08:38:30Z" finished-at="2018-09-15T08:38:49Z">
      <class name="testfw.TestCase">
        <test-method status="PASS" signature="beforeClass()[pri:0, instance:testfw.TestCase@5f2050f6]" name="beforeClass" is-config="true" duration-ms="4999" started-at="2018-09-15T14:08:30Z" finished-at="2018-09-15T14:08:35Z">
          <reporter-output>
          </reporter-output>
        </test-method> <!-- beforeClass -->
        <test-method status="PASS" signature="openMyBlog()[pri:0, instance:testfw.TestCase@5f2050f6]" name="openMyBlog" duration-ms="11602" started-at="2018-09-15T14:08:35Z" finished-at="2018-09-15T14:08:47Z">
          <reporter-output>
          </reporter-output>
        </test-method> <!-- openMyBlog -->
        <test-method status="PASS" signature="afterClass()[pri:0, instance:testfw.TestCase@5f2050f6]" name="afterClass" is-config="true" duration-ms="2286" started-at="2018-09-15T14:08:47Z" finished-at="2018-09-15T14:08:49Z">
          <reporter-output>
          </reporter-output>
        </test-method> <!-- afterClass -->
      </class> <!-- testfw.TestCase -->
    </test> <!-- Test -->
  </suite> <!-- Suite -->
</testng-results>
